<?xml version="1.0" encoding="UTF-8"?>
<!-- Generated by org.testng.reporters.JUnitXMLReporter -->
<testsuite hostname="anita-ThinkPad-E480" ignored="0" name="testngTest" tests="1" failures="1" timestamp="2019-09-05T18:51:30 IST" time="0.073" errors="0">
  <testcase name="test" time="0.039" classname="seleniumtest.TestingSeleniumJenkins">
    <failure type="java.lang.IllegalStateException" message="The driver executable does not exist: /seleniumtest/drivers/chromedriver">
      <![CDATA[java.lang.IllegalStateException: The driver executable does not exist: /seleniumtest/drivers/chromedriver
at com.google.common.base.Preconditions.checkState(Preconditions.java:585)
at org.openqa.selenium.remote.service.DriverService.checkExecutable(DriverService.java:146)
at org.openqa.selenium.remote.service.DriverService.findExecutable(DriverService.java:141)
at org.openqa.selenium.chrome.ChromeDriverService.access$000(ChromeDriverService.java:35)
at org.openqa.selenium.chrome.ChromeDriverService$Builder.findDefaultExecutable(ChromeDriverService.java:159)
at org.openqa.selenium.remote.service.DriverService$Builder.build(DriverService.java:355)
at org.openqa.selenium.chrome.ChromeDriverService.createDefaultService(ChromeDriverService.java:94)
at org.openqa.selenium.chrome.ChromeDriver.<init>(ChromeDriver.java:123)
at seleniumtest.TestingSeleniumJenkins.test(TestingSeleniumJenkins.java:13)
at java.util.ArrayList.forEach(ArrayList.java:1257)
... Removed 27 stack frames]]>
    </failure>
  </testcase> <!-- test -->
</testsuite> <!-- testngTest -->
